<?xml version="1.0" encoding="UTF-8"?>
<!-- Generated by org.testng.reporters.JUnitReportReporter -->
<testsuite hostname="LAPTOP-9H0GF60U" name="bdd.runners.RunnerClass" tests="2" failures="0" timestamp="23 Aug 2020 15:33:08 GMT" time="44.339" errors="0">
  <testcase name="feature" time="24.154" classname="bdd.runners.RunnerClass"/>
  <testcase name="feature" time="20.185" classname="bdd.runners.RunnerClass"/>
</testsuite> <!-- bdd.runners.RunnerClass -->
