<?xml version="1.0" encoding="UTF-8"?>
<!-- Generated by org.testng.reporters.JUnitReportReporter -->
<testsuite hostname="LAPTOP-9H0GF60U" name="bdd.runners.RunnerClass" tests="2" failures="0" timestamp="19 Aug 2020 05:09:00 GMT" time="46.614" errors="0">
  <testcase name="feature" time="16.564" classname="bdd.runners.RunnerClass"/>
  <testcase name="feature" time="30.050" classname="bdd.runners.RunnerClass"/>
</testsuite> <!-- bdd.runners.RunnerClass -->
