<?xml version="1.0" encoding="UTF-8"?>
<!-- Generated by org.testng.reporters.JUnitReportReporter -->
<testsuite hostname="DESKTOP-GKDU2M4" name="bdd.runners.RunnerClass" tests="7" failures="0" timestamp="20 Aug 2020 05:11:16 GMT" time="210.077" errors="0">
  <testcase name="feature" time="27.195" classname="bdd.runners.RunnerClass"/>
  <testcase name="feature" time="16.061" classname="bdd.runners.RunnerClass"/>
  <testcase name="feature" time="15.847" classname="bdd.runners.RunnerClass"/>
  <testcase name="feature" time="69.435" classname="bdd.runners.RunnerClass"/>
  <testcase name="feature" time="11.586" classname="bdd.runners.RunnerClass"/>
  <testcase name="feature" time="51.845" classname="bdd.runners.RunnerClass"/>
  <testcase name="feature" time="18.108" classname="bdd.runners.RunnerClass"/>
</testsuite> <!-- bdd.runners.RunnerClass -->
